static, 500, 1, 1851 [ms]
dynamic, 500, 1, 1953 [ms]
guided, 500, 1, 1977 [ms]
static, 500, 2, 1971 [ms]
guided, 1500, 1, 63795 [ms]
static, 1500, 1, 65222 [ms]
dynamic, 1500, 1, 67215 [ms]
dynamic, 500, 2, 1966 [ms]
static, 1500, 2, 67402 [ms]
static, 2000, 1, 131424 [ms]
dynamic, 2000, 1, 131551 [ms]
guided, 500, 2, 1849 [ms]
guided, 2000, 1, 131098 [ms]
dynamic, 1500, 2, 63738 [ms]
static, 2000, 2, 131229 [ms]
static, 500, 3, 1970 [ms]
guided, 1500, 2, 63677 [ms]
dynamic, 2000, 2, 130981 [ms]
guided, 2000, 2, 130902 [ms]
dynamic, 500, 3, 1852 [ms]
static, 1500, 3, 63786 [ms]
static, 2500, 1, 308134 [ms]
dynamic, 2500, 1, 314200 [ms]
guided, 500, 3, 1964 [ms]
guided, 2500, 1, 309107 [ms]
static, 2000, 3, 131403 [ms]
dynamic, 1500, 3, 63981 [ms]
static, 500, 4, 1848 [ms]
static, 2500, 2, 313567 [ms]
guided, 1500, 3, 68510 [ms]
dynamic, 2000, 3, 131151 [ms]
dynamic, 500, 4, 1962 [ms]
dynamic, 2500, 2, 308762 [ms]
static, 1500, 4, 63931 [ms]
guided, 2000, 3, 136408 [ms]
guided, 2500, 2, 307521 [ms]
guided, 500, 4, 1853 [ms]
dynamic, 1500, 4, 63783 [ms]
static, 2000, 4, 133501 [ms]
guided, 1500, 4, 63655 [ms]
static, 2500, 3, 307769 [ms]
dynamic, 2000, 4, 131396 [ms]
dynamic, 2500, 3, 308411 [ms]
guided, 2000, 4, 136326 [ms]
guided, 2500, 3, 308228 [ms]
static, 2500, 4, 313464 [ms]
dynamic, 2500, 4, 308079 [ms]
guided, 2500, 4, 308406 [ms]
