static, 500, 1, 1655 [ms]
dynamic, 500, 1, 1816 [ms]
guided, 500, 1, 1816 [ms]
static, 500, 2, 1655 [ms]
static, 1500, 1, 59319 [ms]
guided, 1500, 1, 59218 [ms]
dynamic, 1500, 1, 59282 [ms]
dynamic, 500, 2, 1813 [ms]
static, 1500, 2, 59234 [ms]
static, 2000, 1, 117997 [ms]
dynamic, 2000, 1, 117939 [ms]
guided, 500, 2, 1816 [ms]
guided, 2000, 1, 119291 [ms]
dynamic, 1500, 2, 59218 [ms]
static, 2000, 2, 118069 [ms]
guided, 1500, 2, 59217 [ms]
static, 500, 3, 1812 [ms]
dynamic, 2000, 2, 118043 [ms]
static, 1500, 3, 59223 [ms]
guided, 2000, 2, 119268 [ms]
dynamic, 2500, 1, 274845 [ms]
static, 2500, 1, 275010 [ms]
dynamic, 500, 3, 1655 [ms]
guided, 2500, 1, 283551 [ms]
guided, 500, 3, 1654 [ms]
static, 2000, 3, 118068 [ms]
dynamic, 1500, 3, 61015 [ms]
static, 2500, 2, 274973 [ms]
guided, 1500, 3, 60970 [ms]
static, 500, 4, 1654 [ms]
dynamic, 2500, 2, 274826 [ms]
dynamic, 2000, 3, 118108 [ms]
dynamic, 500, 4, 1814 [ms]
static, 1500, 4, 59284 [ms]
guided, 2000, 3, 117926 [ms]
guided, 500, 4, 1817 [ms]
guided, 2500, 2, 274838 [ms]
dynamic, 1500, 4, 59303 [ms]
static, 2000, 4, 119266 [ms]
static, 2500, 3, 274857 [ms]
guided, 1500, 4, 59214 [ms]
dynamic, 2000, 4, 118019 [ms]
dynamic, 2500, 3, 274823 [ms]
guided, 2000, 4, 117934 [ms]
guided, 2500, 3, 275051 [ms]
static, 2500, 4, 283591 [ms]
dynamic, 2500, 4, 274956 [ms]
guided, 2500, 4, 275041 [ms]
